\BOOKMARK [1][-]{section.1}{\376\377\000I\000n\000t\000r\000o\000d\000u\000c\000t\000i\000o\000n}{}% 1
\BOOKMARK [1][-]{section.2}{\376\377\000P\000r\000e\000r\000e\000q\000u\000i\000s\000i\000t\000e\000\040\000K\000n\000o\000w\000l\000e\000d\000g\000e}{}% 2
\BOOKMARK [2][-]{subsection.2.1}{\376\377\000R\000e\000a\000l\000\040\000A\000n\000a\000l\000y\000s\000i\000s}{section.2}% 3
\BOOKMARK [3][-]{subsubsection.2.1.1}{\376\377\000N\000o\000r\000m\000s}{subsection.2.1}% 4
\BOOKMARK [3][-]{subsubsection.2.1.2}{\376\377\000S\000e\000q\000u\000e\000n\000c\000e\000s\000\040\000a\000n\000d\000\040\000C\000o\000n\000v\000e\000r\000g\000e\000n\000c\000e}{subsection.2.1}% 5
\BOOKMARK [3][-]{subsubsection.2.1.3}{\376\377\000U\000n\000i\000f\000o\000r\000m\000\040\000C\000o\000n\000v\000e\000r\000g\000e\000n\000c\000e}{subsection.2.1}% 6
\BOOKMARK [3][-]{subsubsection.2.1.4}{\376\377\000T\000h\000e\000\040\000M\000e\000a\000n\000\040\000V\000a\000l\000u\000e\000\040\000I\000n\000e\000q\000u\000a\000l\000i\000t\000y}{subsection.2.1}% 7
\BOOKMARK [1][-]{section.3}{\376\377\000I\000n\000t\000r\000o\000,\000\040\000C\000l\000a\000s\000s\000i\000f\000i\000c\000a\000t\000i\000o\000n\000,\000\040\000T\000h\000e\000o\000r\000e\000m\000\040\000o\000f\000\040\000E\000x\000i\000s\000t\000e\000n\000c\000e\000\040\000\046\000\040\000U\000n\000i\000q\000u\000e\000n\000e\000s\000s}{}% 8
\BOOKMARK [2][-]{subsection.3.1}{\376\377\000I\000n\000t\000r\000o}{section.3}% 9
\BOOKMARK [2][-]{subsection.3.2}{\376\377\000C\000l\000a\000s\000s\000i\000f\000i\000c\000a\000t\000i\000o\000n}{section.3}% 10
\BOOKMARK [3][-]{subsubsection.3.2.1}{\376\377\000T\000h\000e\000\040\000O\000r\000d\000e\000r}{subsection.3.2}% 11
\BOOKMARK [3][-]{subsubsection.3.2.2}{\376\377\000S\000c\000a\000l\000a\000r\000\040\000v\000s\000.\000\040\000S\000y\000s\000t\000e\000m}{subsection.3.2}% 12
\BOOKMARK [3][-]{subsubsection.3.2.3}{\376\377\000L\000i\000n\000e\000a\000r\000i\000t\000y}{subsection.3.2}% 13
\BOOKMARK [3][-]{subsubsection.3.2.4}{\376\377\000A\000u\000t\000o\000n\000o\000m\000y}{subsection.3.2}% 14
\BOOKMARK [2][-]{subsection.3.3}{\376\377\000S\000o\000l\000u\000t\000i\000o\000n\000s\000\040\000a\000n\000d\000\040\000I\000n\000i\000t\000i\000a\000l\000\040\000V\000a\000l\000u\000e\000\040\000P\000r\000o\000b\000l\000e\000m\000s}{section.3}% 15
\BOOKMARK [2][-]{subsection.3.4}{\376\377\000E\000x\000i\000s\000t\000e\000n\000c\000e\000\040\000a\000n\000d\000\040\000U\000n\000i\000q\000u\000e\000n\000e\000s\000s\000\040\000T\000h\000e\000o\000r\000e\000m}{section.3}% 16
\BOOKMARK [3][-]{subsubsection.3.4.1}{\376\377\000L\000i\000p\000s\000c\000h\000i\000t\000z\000\040\000c\000o\000n\000t\000i\000n\000u\000i\000t\000y}{subsection.3.4}% 17
\BOOKMARK [3][-]{subsubsection.3.4.2}{\376\377\000L\000o\000c\000a\000l\000\040\000L\000i\000p\000s\000c\000h\000i\000t\000z\000\040\000c\000o\000n\000t\000i\000n\000u\000i\000t\000y}{subsection.3.4}% 18
\BOOKMARK [3][-]{subsubsection.3.4.3}{\376\377\000I\000n\000t\000e\000g\000r\000a\000l\000\040\000F\000o\000r\000m\000\040\000o\000f\000\040\000t\000h\000e\000\040\000I\000V\000P}{subsection.3.4}% 19
\BOOKMARK [3][-]{subsubsection.3.4.4}{\376\377\000P\000i\000c\000a\000r\000d\000\040\000o\000p\000e\000r\000a\000t\000o\000r}{subsection.3.4}% 20
\BOOKMARK [3][-]{subsubsection.3.4.5}{\376\377\000S\000t\000a\000t\000e\000m\000e\000n\000t\000\040\000o\000f\000\040\000t\000h\000e\000\040\000T\000h\000e\000o\000r\000e\000m}{subsection.3.4}% 21
\BOOKMARK [3][-]{subsubsection.3.4.6}{\376\377\000P\000i\000c\000a\000r\000d\000\040\000I\000t\000e\000r\000a\000t\000i\000o\000n\000\040\000a\000n\000d\000\040\000E\000x\000i\000s\000t\000e\000n\000c\000e}{subsection.3.4}% 22
\BOOKMARK [3][-]{subsubsection.3.4.7}{\376\377\000U\000n\000i\000q\000u\000e\000n\000e\000s\000s}{subsection.3.4}% 23
\BOOKMARK [1][-]{section.4}{\376\377\000F\000i\000r\000s\000t\000-\000O\000r\000d\000e\000r\000\040\000S\000c\000a\000l\000a\000r\000\040\000E\000q\000u\000a\000t\000i\000o\000n}{}% 24
\BOOKMARK [2][-]{subsection.4.1}{\376\377\000F\000i\000r\000s\000t\000\040\000O\000r\000d\000e\000r\000\040\000L\000i\000n\000e\000a\000r\000\040\000E\000q\000u\000a\000t\000i\000o\000n\000s}{section.4}% 25
\BOOKMARK [3][-]{subsubsection.4.1.1}{\376\377\000I\000n\000t\000e\000g\000r\000a\000t\000i\000n\000g\000\040\000F\000a\000c\000t\000o\000r\000\040\000M\000e\000t\000h\000o\000d}{subsection.4.1}% 26
\BOOKMARK [3][-]{subsubsection.4.1.2}{\376\377\000E\000x\000i\000s\000t\000e\000n\000c\000e\000\040\000a\000n\000d\000\040\000U\000n\000i\000q\000u\000e\000n\000e\000s\000s\000\040\000f\000o\000r\000\040\000F\000i\000r\000s\000t\000\040\000O\000r\000d\000e\000r\000\040\000L\000i\000n\000e\000a\000r\000\040\000E\000q\000u\000a\000t\000i\000o\000n\000s}{subsection.4.1}% 27
\BOOKMARK [2][-]{subsection.4.2}{\376\377\000S\000e\000p\000a\000r\000a\000b\000l\000e\000\040\000E\000q\000u\000a\000t\000i\000o\000n\000s}{section.4}% 28
\BOOKMARK [3][-]{subsubsection.4.2.1}{\376\377\000G\000e\000n\000e\000r\000a\000l\000\040\000M\000e\000t\000h\000o\000d}{subsection.4.2}% 29
\BOOKMARK [2][-]{subsection.4.3}{\376\377\000E\000x\000a\000c\000t\000\040\000E\000q\000u\000a\000t\000i\000o\000n\000s}{section.4}% 30
\BOOKMARK [3][-]{subsubsection.4.3.1}{\376\377\000P\000o\000t\000e\000n\000t\000i\000a\000l\000\040\000F\000u\000n\000c\000t\000i\000o\000n\000s\000\040\000a\000n\000d\000\040\000I\000n\000t\000e\000g\000r\000a\000l\000\040\000C\000u\000r\000v\000e\000s}{subsection.4.3}% 31
\BOOKMARK [3][-]{subsubsection.4.3.2}{\376\377\000D\000e\000f\000i\000n\000i\000t\000i\000o\000n\000\040\000a\000n\000d\000\040\000E\000x\000a\000c\000t\000n\000e\000s\000s\000\040\000C\000r\000i\000t\000e\000r\000i\000o\000n}{subsection.4.3}% 32
\BOOKMARK [3][-]{subsubsection.4.3.3}{\376\377\000I\000n\000t\000e\000g\000r\000a\000t\000i\000n\000g\000\040\000F\000a\000c\000t\000o\000r\000s\000\040\000f\000o\000r\000\040\000N\000o\000n\000-\000E\000x\000a\000c\000t\000\040\000E\000q\000u\000a\000t\000i\000o\000n\000s}{subsection.4.3}% 33
\BOOKMARK [2][-]{subsection.4.4}{\376\377\000A\000p\000p\000l\000i\000c\000a\000t\000i\000o\000n\000s}{section.4}% 34
\BOOKMARK [1][-]{section.5}{\376\377\000S\000y\000s\000t\000e\000m\000s\000\040\000o\000f\000\040\000L\000i\000n\000e\000a\000r\000\040\000E\000q\000u\000a\000t\000i\000o\000n\000s}{}% 35
\BOOKMARK [2][-]{subsection.5.1}{\376\377\000R\000e\000d\000u\000c\000t\000i\000o\000n\000\040\000t\000o\000\040\000F\000i\000r\000s\000t\000-\000O\000r\000d\000e\000r\000\040\000S\000y\000s\000t\000e\000m\000s}{section.5}% 36
\BOOKMARK [2][-]{subsection.5.2}{\376\377\000E\000x\000i\000s\000t\000e\000n\000c\000e\000,\000\040\000U\000n\000i\000q\000u\000e\000n\000e\000s\000s\000,\000\040\000a\000n\000d\000\040\000S\000o\000l\000u\000t\000i\000o\000n\000\040\000S\000t\000r\000u\000c\000t\000u\000r\000e}{section.5}% 37
\BOOKMARK [3][-]{subsubsection.5.2.1}{\376\377\000M\000a\000t\000r\000i\000x\000\040\000S\000o\000l\000u\000t\000i\000o\000n\000s\000\040\000a\000n\000d\000\040\000t\000h\000e\000\040\000W\000r\000o\000n\000s\000k\000i\000a\000n}{subsection.5.2}% 38
\BOOKMARK [3][-]{subsubsection.5.2.2}{\376\377\000R\000e\000c\000o\000v\000e\000r\000i\000n\000g\000\040\000t\000h\000e\000\040\000C\000o\000e\000f\000f\000i\000c\000i\000e\000n\000t\000\040\000M\000a\000t\000r\000i\000x\000\040\000a\000n\000d\000\040\000S\000o\000l\000v\000i\000n\000g\000\040\000I\000V\000P\000s}{subsection.5.2}% 39
\BOOKMARK [2][-]{subsection.5.3}{\376\377\000H\000o\000m\000o\000g\000e\000n\000e\000o\000u\000s\000\040\000S\000y\000s\000t\000e\000m\000s\000\040\000w\000i\000t\000h\000\040\000C\000o\000n\000s\000t\000a\000n\000t\000\040\000C\000o\000e\000f\000f\000i\000c\000i\000e\000n\000t\000s}{section.5}% 40
\BOOKMARK [3][-]{subsubsection.5.3.1}{\376\377\000D\000i\000a\000g\000o\000n\000a\000l\000i\000z\000a\000b\000l\000e\000\040\000C\000a\000s\000e\000:\000\040\000R\000e\000a\000l\000\040\000E\000i\000g\000e\000n\000v\000a\000l\000u\000e\000s}{subsection.5.3}% 41
\BOOKMARK [3][-]{subsubsection.5.3.2}{\376\377\000D\000i\000a\000g\000o\000n\000a\000l\000i\000z\000a\000b\000l\000e\000\040\000C\000a\000s\000e\000:\000\040\000C\000o\000