\BOOKMARK [1][-]{section.1}{\376\377\000I\000n\000t\000r\000o\000d\000u\000c\000t\000i\000o\000n}{}% 1
\BOOKMARK [1][-]{section.2}{\376\377\000P\000r\000e\000r\000e\000q\000u\000i\000s\000i\000t\000e\000\040\000k\000n\000o\000w\000l\000e\000d\000g\000e}{}% 2
\BOOKMARK [2][-]{subsection.2.1}{\376\377\000I\000n\000t\000r\000o\000d\000u\000c\000t\000i\000o\000n\000\040\000t\000o\000\040\000P\000r\000o\000o\000f}{section.2}% 3
\BOOKMARK [3][-]{subsubsection.2.1.1}{\376\377\000D\000i\000r\000e\000c\000t\000\040\000P\000r\000o\000o\000f}{subsection.2.1}% 4
\BOOKMARK [3][-]{subsubsection.2.1.2}{\376\377\000P\000r\000o\000o\000f\000\040\000b\000y\000\040\000C\000o\000n\000t\000r\000a\000d\000i\000c\000t\000i\000o\000n}{subsection.2.1}% 5
\BOOKMARK [3][-]{subsubsection.2.1.3}{\376\377\000P\000r\000o\000o\000f\000\040\000b\000y\000\040\000C\000o\000n\000t\000r\000a\000p\000o\000s\000i\000t\000i\000v\000e}{subsection.2.1}% 6
\BOOKMARK [2][-]{subsection.2.2}{\376\377\000N\000o\000t\000a\000t\000i\000o\000n}{section.2}% 7
\BOOKMARK [3][-]{subsubsection.2.2.1}{\376\377\000S\000e\000t\000s}{subsection.2.2}% 8
\BOOKMARK [3][-]{subsubsection.2.2.2}{\376\377\000S\000y\000m\000b\000o\000l\000s}{subsection.2.2}% 9
\BOOKMARK [2][-]{subsection.2.3}{\376\377\000F\000a\000m\000i\000l\000i\000a\000r\000i\000t\000y\000\040\000w\000i\000t\000h\000\040\000R\000n}{section.2}% 10
\BOOKMARK [2][-]{subsection.2.4}{\376\377\000P\000o\000l\000a\000r\000\040\000C\000o\000o\000r\000d\000i\000n\000a\000t\000e\000s}{section.2}% 11
\BOOKMARK [2][-]{subsection.2.5}{\376\377\000C\000o\000m\000p\000l\000e\000x\000\040\000A\000l\000g\000e\000b\000r\000a}{section.2}% 12
\BOOKMARK [3][-]{subsubsection.2.5.1}{\376\377\000C\000o\000m\000p\000l\000e\000x\000\040\000N\000u\000m\000b\000e\000r\000s}{subsection.2.5}% 13
\BOOKMARK [3][-]{subsubsection.2.5.2}{\376\377\000C\000o\000m\000p\000l\000e\000x\000\040\000O\000p\000e\000r\000a\000t\000i\000o\000n\000s}{subsection.2.5}% 14
\BOOKMARK [3][-]{subsubsection.2.5.3}{\376\377\000C\000o\000m\000p\000l\000e\000x\000\040\000C\000o\000n\000j\000u\000g\000a\000t\000e}{subsection.2.5}% 15
\BOOKMARK [3][-]{subsubsection.2.5.4}{\376\377\000G\000e\000o\000m\000e\000t\000r\000i\000c\000\040\000I\000n\000t\000e\000r\000p\000r\000e\000t\000a\000t\000i\000o\000n\000\040\000o\000f\000\040\000C\000o\000m\000p\000l\000e\000x\000\040\000N\000u\000m\000b\000e\000r\000s}{subsection.2.5}% 16
\BOOKMARK [3][-]{subsubsection.2.5.5}{\376\377\000M\000o\000d\000u\000l\000u\000s}{subsection.2.5}% 17
\BOOKMARK [3][-]{subsubsection.2.5.6}{\376\377\000P\000o\000l\000a\000r\000\040\000F\000o\000r\000m\000\040\000o\000f\000\040\000C\000o\000m\000p\000l\000e\000x\000\040\000N\000u\000m\000b\000e\000r\000s}{subsection.2.5}% 18
\BOOKMARK [3][-]{subsubsection.2.5.7}{\376\377\000R\000o\000o\000t\000s\000\040\000i\000n\000\040\000C}{subsection.2.5}% 19
\BOOKMARK [3][-]{subsubsection.2.5.8}{\376\377\000H\000e\000r\000m\000i\000t\000i\000a\000n}{subsection.2.5}% 20
\BOOKMARK [2][-]{subsection.2.6}{\376\377\000B\000a\000s\000i\000c\000\040\000A\000l\000g\000e\000b\000r\000a\000i\000c\000\040\000s\000t\000r\000u\000c\000t\000u\000r\000e\000s}{section.2}% 21
\BOOKMARK [3][-]{subsubsection.2.6.1}{\376\377\000S\000e\000t\000s\000\040\000w\000i\000t\000h\000\040\000M\000u\000l\000t\000i\000p\000l\000i\000c\000a\000t\000i\000o\000n}{subsection.2.6}% 22
\BOOKMARK [3][-]{subsubsection.2.6.2}{\376\377\000I\000n\000v\000e\000r\000t\000i\000b\000i\000l\000i\000t\000y}{subsection.2.6}% 23
\BOOKMARK [3][-]{subsubsection.2.6.3}{\376\377\000R\000i\000n\000g}{subsection.2.6}% 24
\BOOKMARK [3][-]{subsubsection.2.6.4}{\376\377\000F\000i\000e\000l\000d}{subsection.2.6}% 25
\BOOKMARK [1][-]{section.3}{\376\377\000V\000e\000c\000t\000o\000r\000\040\000S\000p\000a\000c\000e\000s}{}% 26
\BOOKMARK [2][-]{subsection.3.1}{\376\377\000V\000e\000c\000t\000o\000r\000s}{section.3}% 27
\BOOKMARK [3][-]{subsubsection.3.1.1}{\376\377\000V\000e\000c\000t\000o\000r\000\040\000o\000p\000e\000r\000a\000t\000i\000o\000n\000s}{subsection.3.1}% 28
\BOOKMARK [2][-]{subsection.3.2}{\376\377\000S\000p\000a\000n}{section.3}% 29
\BOOKMARK [3][-]{subsubsection.3.2.1}{\376\377\000S\000p\000a\000n\000\040\000i\000n\000\040\000C\000n}{subsection.3.2}% 30
\BOOKMARK [2][-]{subsection.3.3}{\376\377\000S\000t\000a\000n\000d\000a\000r\000d\000\040\000B\000a\000s\000i\000s}{section.3}% 31
\BOOKMARK [2][-]{subsection.3.4}{\376\377\000C\000o\000o\000r\000d\000i\000n\000a\000t\000e\000\040\000S\000p\000a\000c\000e\000s}{section.3}% 32
\BOOKMARK [2][-]{subsection.3.5}{\376\377\000P\000o\000l\000y\000n\000o\000m\000i\000a\000l\000\040\000S\000p\000a\000c\000e\000s}{section.3}% 33
\BOOKMARK [2][-]{subsection.3.6}{\376\377\000M\000a\000t\000r\000i\000x\000\040\000S\000p\000a\000c\000e\000s}{section.3}% 34
\BOOKMARK [2][-]{subsection.3.7}{\376\377\000F\000u\000n\000c\000t\000i\000o\000n\000\040\000S\000p\000a\000c\000e\000s}{section.3}% 35
\BOOKMARK [2][-]{subsection.3.8}{\376\377\000S\000u\000b\000s\000p\000a\000c\000e\000s}{section.3}% 36
\BOOKMARK [3][-]{subsubsection.3.8.1}{\376\377\000M\000e\000m\000b\000e\000r\000s\000h\000i\000p\000\040\000i\000n\000\040\000a\000\040\000s\000p\000a\000n}{subsection.3.8}% 37
\BOOKMARK [3][-]{subsubsection.3.8.2}{\376\377\000O\000p\000e\000r\000a\000t\000i\000o\000n\000s\000\040\000o\000n\000\040\000s\000u\000b\000s\000p\000a\000c\000e\000s}{subsection.3.8}% 38
\BOOKMARK [2][-]{subsection.3.9}{\376\377\000D\000i\000r\000e\000c\000t\000\040\000s\000u\000m\000s}{section.3}% 39
\BOOKMARK [3][-]{subsubsection.3.9.1}{\376\377\000A\000n\000a\000l\000o\000g\000y\000\040\000w\000i\000t\000h\000\040\000s\000e\000t\000s}{subsection.3.9}% 40
\BOOKMARK [3][-]{subsubsection.3.9.2}{\376\377\000D\000i\000r\000e\000c\000t\000\040\000s\000u\000m\000s\000\040\000i\000n\000\040\000f\000u\000n\000c\000t\000i\000o\000n\000\040\000s\000p\000a\000c\000e\000s}{subsection.3.9}% 41
\BOOKMARK [1][-]{section.4}{\376\377\000B\000a\000s\000i\000s\000\040\000a\000n\000d\000\040\000D\000i\000m\000e\000n\000s\000i\000o\000n}{}% 42
\BOOKMARK [2][-]{subsection.4.1}{\376\377\000F\000i\000n\000i\000t\000e\000\040\000D\000i\000m\000e\000n\000s\000i\000o\000n\000a\000l\000\040\000S\000p\000a\000c\000e\000s}{section.4}% 43
\BOOKMARK [2][-]{subsection.4.2}{\376\377\000L\000i\000n\000e\000a\000r\000\040\000I\000n\000d\000e\000p\000e\000n\000d\000e\000n\000c\000e}{section.4}% 44
\BOOKMARK [2][-]{subsection.4.3}{\376\377\000M\000a\000i\000n\000\040\000B\000a\000s\000i\000s\000\040\000T\000h\000e\000o\000r\000e\000m}{section.4}% 45
\BOOKMARK [2][-]{subsection.4.4}{\376\377\000F\000i\000n\000d\000i\000n\000g\000\040\000a\000\040\000B\000a\000s\000i\000s}{section.4}% 46
\BOOKMARK [3][-]{subsubsection.4.4.1}{\376\377\000E\000x\000t\000r\000a\000c\000t\000i\000n\000g\000\040\000a\000\040\000B\000a\000s\000i\000s\000\040\000f\000r\000o\000m\000\040\000a\000\040\000S\000p\000a\000n\000n\000i\000n\000g\000\040\000S\000e\000t}{subsection.4.4}% 47
\BOOKMARK [3][-]{subsubsection.4.4.2}{\376\377\000T\000e\000s\000t\000i\000n\000g\000\040\000L\000i\000n\000e\000a\000r\000\040\000I\000n\000d\000e\000p\000e\000n\000d\000e\000n\000c\000e}{subsection.4.4}% 48
\BOOKMARK [3][-]{subsubsection.4.4.3}{\376\377\000C\000o\000n\000s\000t\000r\000u\000c\000t\000i\000n\000g\000\040\000a\000\040\000B\000a\000s\000i\000s\000\040\000f\000r\000o\000m\000\040\000t\000h\000e\000\040\000G\000e\000n\000e\000r\000a\000l\000\040\000F\000o\000r\000m}{subsection.4.4}% 49
\BOOKMARK [3][-]{subsubsection.4.4.4}{\376\377\000B\000a\000s\000e\000s\000\040\000o\000f\000\040\000F\000u\000n\000c\000t\000i\000o\000n\000\040\000S\000p\000a\000c\000e\000s}{subsection.4.4}% 50
\BOOKMARK [2][-]{subsection.4.5}{\376\377\000P\000r\000o\000v\000i\000n\000g\000\040\000a\000\040\000s\000e\000t\000\040\000f\000o\000r\000m\000s\000\040\000a\000\040\000b\000a\000s\000i\000s}{section.4}% 51
\BOOKMARK [3][-]{subsubsection.4.5.1}{\376\377\000D\000i\000r\000e\000c\000t\000\040\000S\000u\000m\000s\000\040\000a\000n\000d\000\040\000U\000n\000i\000q\000u\000e\000\040\000D\000e\000c\000o\000m\000p\000o\000s\000i\000t\000i\000o\000n}{subsection.4.5}% 52
\BOOKMARK [2][-]{subsection.4.6}{\376\377\000M\000a\000i\000n\000\040\000B\000a\000s\000i\000s\000\040\000T\000h\000e\000o\000r\000e\000m}{section.4}% 53
\BOOKMARK [2][-]{subsection.4.7}{\376\377\000H\000o\000w\000\040\000t\000o\000\040\000f\000i\000n\000d\000\040\000a\000\040\000b\000a\000s\000i\000s}{section.4}% 54
\BOOKMARK [2][-]{subsection.4.8}{\376\377\000P\000r\000o\000v\000i\000n\000g\000\040\000a\000\040\000s\000e\000t\000\040\000f\000o\000r\000m\000s\000\040\000a\000\040\000b\000a\000s\000i\000s}{section.4}% 55
\BOOKMARK [2][-]{subsection.4.9}{\376\377\000U\000n\000i\000q\000u\000e\000\040\000s\000u\000m\000\040\000d\000e\000c\000o\000m\000p\000o\000s\000i\000t\000i\000o\000n\000s}{section.4}% 56
\BOOKMARK [2][-]{subsection.4.10}{\376\377\000C\000o\000o\000r\000d\000i\000n\000a\000t\000e\000s}{section.4}% 57
\BOOKMARK [2][-]{subsection.4.11}{\376\377\000M\000o\000r\000e\000\040\000B\000a\000s\000i\000s\000\040\000T\000h\000e\000o\000r\000e\000m\000s}{section.4}% 58
\BOOKMARK [1][-]{section.5}{\376\377\000L\000i\000n\000e\000a\000r\000\040\000T\000r\000a\000n\000s\000f\000o\000r\000m\000a\000t\000i\000o\000n}{}% 59
\BOOKMARK [1][-]{section.6}{\376\377\000A\000p\000p\000e\000n\000d\000i\000x}{}% 60
\BOOKMARK [2][-]{subsection.6.1}{\376\377\000P\000r\000o\000o\000f\000:\000\040\000S\000t\000a\000n\000d\000a\000r\000d\000\040\000B\000a\000s\000i\000s\000\040\000i\000s\000\040\000a\000\040\000B\000a\000s\000i\000s}{section.6}% 61
\BOOKMARK [2][-]{subsection.6.2}{\376\377\000A\000l\000g\000e\000b\000r\000a\000i\000c\000\040\000S\000t\000r\000u\000c\000t\000u\000r\000e\000s\000:\000\040\000R\000i\000n\000g\000s\000,\000\040\000F\000i\000e\000l\000d\000s\000,\000\040\000a\000n\000d\000\040\000V\000e\000c\000t\000o\000r\000\040\000S\000p\000a\000c\000e\000s}{section.6}% 62
\BOOKMARK [1][-]{section.7}{\376\377\000S\000o\000l\000u\000t\000i\000o\000n\000s}{}% 63
\BOOKMARK [1][-]{section.8}{\376\377\000U\000s\000e\000f\000u\000l\000\040\000L\000i\000n\000k\000s}{}% 64
