\BOOKMARK [1][-]{section.1}{\376\377\000I\000n\000t\000r\000o\000d\000u\000c\000t\000i\000o\000n}{}% 1
\BOOKMARK [1][-]{section.2}{\376\377\000F\000o\000u\000n\000d\000a\000t\000i\000o\000n\000s}{}% 2
\BOOKMARK [2][-]{subsection.2.1}{\376\377\000W\000a\000v\000e\000s}{section.2}% 3
\BOOKMARK [3][-]{subsubsection.2.1.1}{\376\377\000P\000r\000o\000p\000e\000r\000t\000i\000e\000s\000\040\000o\000f\000\040\000W\000a\000v\000e\000s}{subsection.2.1}% 4
\BOOKMARK [3][-]{subsubsection.2.1.2}{\376\377\000W\000a\000v\000e\000f\000o\000r\000m\000s}{subsection.2.1}% 5
\BOOKMARK [2][-]{subsection.2.2}{\376\377\000L\000i\000n\000e\000a\000r\000\040\000S\000y\000s\000t\000e\000m\000s}{section.2}% 6
\BOOKMARK [1][-]{section.3}{\376\377\000E\000l\000e\000c\000t\000r\000o\000m\000a\000g\000n\000e\000t\000i\000c\000\040\000T\000h\000e\000o\000r\000y}{}% 7
\BOOKMARK [2][-]{subsection.3.1}{\376\377\000E\000l\000e\000c\000t\000r\000i\000c\000\040\000C\000h\000a\000r\000g\000e}{section.3}% 8
\BOOKMARK [2][-]{subsection.3.2}{\376\377\000E\000l\000e\000c\000t\000r\000i\000c\000\040\000F\000i\000e\000l\000d}{section.3}% 9
\BOOKMARK [2][-]{subsection.3.3}{\376\377\000E\000l\000e\000c\000t\000r\000i\000c\000\040\000P\000o\000t\000e\000n\000t\000i\000a\000l}{section.3}% 10
\BOOKMARK [2][-]{subsection.3.4}{\376\377\000E\000l\000e\000c\000t\000r\000i\000c\000\040\000P\000o\000t\000e\000n\000t\000i\000a\000l\000\040\000E\000n\000e\000r\000g\000y}{section.3}% 11
\BOOKMARK [2][-]{subsection.3.5}{\376\377\000M\000a\000g\000n\000e\000t\000i\000c\000\040\000F\000i\000e\000l\000d}{section.3}% 12
\BOOKMARK [2][-]{subsection.3.6}{\376\377\000M\000a\000g\000n\000e\000t\000i\000c\000\040\000F\000l\000u\000x}{section.3}% 13
\BOOKMARK [2][-]{subsection.3.7}{\376\377\000E\000l\000e\000c\000t\000r\000o\000m\000a\000g\000n\000e\000t\000i\000c\000\040\000I\000n\000d\000u\000c\000t\000i\000o\000n}{section.3}% 14
\BOOKMARK [3][-]{subsubsection.3.7.1}{\376\377\000F\000a\000r\000a\000d\000a\000y\000'\000s\000\040\000L\000a\000w}{subsection.3.7}% 15
\BOOKMARK [3][-]{subsubsection.3.7.2}{\376\377\000L\000e\000n\000z\000'\000s\000\040\000L\000a\000w}{subsection.3.7}% 16
\BOOKMARK [3][-]{subsubsection.3.7.3}{\376\377\000M\000u\000t\000u\000a\000l\000\040\000I\000n\000d\000u\000c\000t\000a\000n\000c\000e}{subsection.3.7}% 17
\BOOKMARK [1][-]{section.4}{\376\377\000C\000i\000r\000c\000u\000i\000t\000\040\000F\000u\000n\000d\000a\000m\000e\000n\000t\000a\000l\000s}{}% 18
\BOOKMARK [2][-]{subsection.4.1}{\376\377\000C\000u\000r\000r\000e\000n\000t\000\040\000a\000n\000d\000\040\000V\000o\000l\000t\000a\000g\000e}{section.4}% 19
\BOOKMARK [2][-]{subsection.4.2}{\376\377\000E\000l\000e\000c\000t\000r\000o\000m\000o\000t\000i\000v\000e\000\040\000F\000o\000r\000c\000e}{section.4}% 20
\BOOKMARK [2][-]{subsection.4.3}{\376\377\000O\000h\000m\000'\000s\000\040\000L\000a\000w}{section.4}% 21
\BOOKMARK [2][-]{subsection.4.4}{\376\377\000K\000i\000r\000c\000h\000h\000o\000f\000f\000'\000s\000\040\000L\000a\000w\000s}{section.4}% 22
\BOOKMARK [2][-]{subsection.4.5}{\376\377\000D\000i\000r\000e\000c\000t\000\040\000a\000n\000d\000\040\000A\000l\000t\000e\000r\000n\000a\000t\000i\000n\000g\000\040\000C\000u\000r\000r\000e\000n\000t}{section.4}% 23
\BOOKMARK [2][-]{subsection.4.6}{\376\377\000S\000t\000a\000t\000i\000c\000\040\000C\000i\000r\000c\000u\000i\000t\000s}{section.4}% 24
\BOOKMARK [2][-]{subsection.4.7}{\376\377\000C\000i\000r\000c\000u\000i\000t\000\040\000C\000l\000a\000s\000s\000i\000f\000i\000c\000a\000t\000i\000o\000n}{section.4}% 25
\BOOKMARK [1][-]{section.5}{\376\377\000C\000i\000r\000c\000u\000i\000t\000\040\000C\000o\000m\000p\000o\000n\000e\000n\000t\000s}{}% 26
\BOOKMARK [2][-]{subsection.5.1}{\376\377\000R\000e\000s\000i\000s\000t\000o\000r\000s}{section.5}% 27
\BOOKMARK [3][-]{subsubsection.5.1.1}{\376\377\000T\000e\000m\000p\000e\000r\000a\000t\000u\000r\000e\000\040\000D\000e\000p\000e\000n\000d\000e\000n\000c\000e}{subsection.5.1}% 28
\BOOKMARK [3][-]{subsubsection.5.1.2}{\376\377\000P\000o\000w\000e\000r\000\040\000D\000i\000s\000s\000i\000p\000a\000t\000i\000o\00