\BOOKMARK [1][-]{section.1}{\376\377\000I\000n\000t\000r\000o\000d\000u\000c\000t\000i\000o\000n}{}% 1
\BOOKMARK [1][-]{section.2}{\376\377\000P\000r\000e\000r\000e\000q\000u\000i\000s\000i\000t\000e\000\040\000k\000n\000o\000w\000l\000e\000d\000g\000e}{}% 2
\BOOKMARK [2][-]{subsection.2.1}{\376\377\000S\000q\000u\000e\000e\000z\000e\000\040\000T\000h\000e\000o\000r\000e\000m}{section.2}% 3
\BOOKMARK [2][-]{subsection.2.2}{\376\377\000D\000e\000r\000i\000v\000a\000t\000i\000v\000e\000s}{section.2}% 4
\BOOKMARK [2][-]{subsection.2.3}{\376\377\000I\000n\000t\000e\000g\000r\000a\000l}{section.2}% 5
\BOOKMARK [1][-]{section.3}{\376\377\000I\000n\000e\000q\000u\000a\000l\000i\000t\000i\000e\000s}{}% 6
\BOOKMARK [2][-]{subsection.3.1}{\376\377\000A\000M\000-\000G\000M}{section.3}% 7
\BOOKMARK [2][-]{subsection.3.2}{\376\377\000C\000a\000u\000c\000h\000y\000-\000S\000c\000h\000w\000a\000r\000z}{section.3}% 8
\BOOKMARK [2][-]{subsection.3.3}{\376\377\000T\000r\000i\000a\000n\000g\000l\000e\000-\000i\000n\000e\000q\000u\000a\000l\000i\000t\000y}{section.3}% 9
\BOOKMARK [1][-]{section.4}{\376\377\000D\000i\000f\000f\000e\000r\000e\000n\000t\000i\000a\000b\000i\000l\000i\000t\000y}{}% 10
\BOOKMARK [1][-]{section.5}{\376\377\000M\000e\000a\000n\000\040\000V\000a\000l\000u\000e\000\040\000T\000h\000e\000o\000r\000e\000m}{}% 11
\BOOKMARK [1][-]{section.6}{\376\377\000H\000i\000g\000h\000e\000r\000\040\000O\000r\000d\000e\000r\000\040\000P\000a\000r\000t\000i\000a\000l\000\040\000D\000e\000r\000i\000v\000a\000t\000i\000v\000e\000s}{}% 12
\BOOKMARK [1][-]{section.7}{\376\377\000T\000a\000y\000l\000o\000r\000\040\000T\000h\000e\000o\000r\000e\000m}{}% 13
\BOOKMARK [1][-]{section.8}{\376\377\000E\000x\000t\000r\000e\000m\000a\000\040\000o\000f\000\040\000R\000e\000a\000l\000-\000V\000a\000l\000u\000e\000d\000\040\000F\000u\000n\000c\000t\000i\000o\000n\000s}{}% 14
\BOOKMARK [2][-]{subsection.8.1}{\376\377\000E\000x\000t\000r\000e\000m\000a\000\040\000i\000n\000\040\0002\000D}{section.8}% 15
\BOOKMARK [2][-]{subsection.8.2}{\376\377\000E\000x\000t\000r\000e\000m\000a\000\040\000i\000n\000\040\0003\000D}{section.8}% 16
\BOOKMARK [1][-]{section.9}{\376\377\000C\000o\000n\000s\000t\000r\000a\000i\000n\000e\000d\000\040\000E\000x\000t\000r\000e\000m\000a\000\040\000a\000n\000d\000\040\000L\000a\000g\000r\000a\000n\000g\000e\000\040\000M\000u\000l\000t\000i\000p\000l\000i\000e\000r\000s}{}% 17
\BOOKMARK [2][-]{subsection.9.1}{\376\377\000L\000a\000g\000r\000a\000n\000g\000e\000\040\000M\000u\000l\000t\000i\000p\000l\000i\000e\000r\000s\000\040\000M\000e\000t\000h\000o\000d}{section.9}% 18
\BOOKMARK [2][-]{subsection.9.2}{\376\377\000A\000b\000s\000o\000l\000u\000t\000e\000\040\000M\000a\000x\000/\000M\000i\000n\000\040\000o\000n\000\040\000a\000\040\000R\000e\000g\000i\000o\000n\000\040\000w\000i\000t\000h\000\040\000B\000o\000u\000n\000d\000a\000r\000y}{section.9}% 19
\BOOKMARK [1][-]{section.10}{\376\377\000P\000a\000t\000h\000\040\000I\000n\000t\000e\000g\000r\000a\000l\000s\000\040\000a\000n\000d\000\040\000G\000e\000o\000m\000e\000t\000r\000y\000\040\000o\000f\000\040\000C\000u\000r\000v\000e\000s}{}% 20
\BOOKMARK [2][-]{subsection.10.1}{\376\377\000T\000a\000n\000g\000e\000n\000t\000\040\000a\000n\000d\000\040\000S\000p\000e\000e\000d}{section.10}% 21
\BOOKMARK [2][-]{subsection.10.2}{\376\377\000L\000e\000n\000g\000t\000h\000\040\000o\000f\000\040\000a\000\040\000C\000u\000r\000v\000e}{section.10}% 22
\BOOKMARK [2][-]{subsection.10.3}{\376\377\000P\000a\000t\000h\000\040\000I\000n\000t\000e\000g\000r\000a\000l}{section.10}% 23
\BOOKMARK [2][-]{subsection.10.4}{\376\377\000A\000r\000c\000-\000L\000e\000n\000g\000t\000h}{section.10}% 24
\BOOKMARK [1][-]{section.11}{\376\377\000V\000e\000c\000t\000o\000r\000\040\000F\000i\000e\000l\000d\000s}{}% 25
\BOOKMARK [2][-]{subsection.11.1}{\376\377\000V\000e\000c\000t\000o\000r\000\040\000F\000i\000e\000l\000d\000s\000\040\000a\000n\000d\000\040\000F\000l\000o\000w\000\040\000L\000i\000n\000e\000s}{section.11}% 26
\BOOKMARK [2][-]{subsection.11.2}{\376\377\000D\000i\000v\000e\000r\000g\000e\000n\000c\000e\000\040\000a\000n\000d\000\040\000C\000u\000r\000l}{section.11}% 27
\BOOKMARK [2][-]{subsection.11.3}{\376\377\000R\000u\000l\000e\000s}{section.11}% 28
\BOOKMARK [1][-]{section.12}{\376\377\000D\000o\000u\000b\000l\000e\000\040\000I\000n\000t\000e\000g\000r\000a\000l\000s\000\040\000O\000v\000e\000r\000\040\000R\000e\000c\000t\000a\000n\000g\000l\000e\000s}{}% 29
\BOOKMARK [1][-]{section.13}{\376\377\000D\000o\000u\000b\000l\000e\000\040\000I\000n\000t\000e\000g\000r\000a\000l\000\040\000O\000v\000e\000r\000\040\000G\000e\000n\000e\000r\000a\000l\000\040\000R\000e\000g\000i\000o\000n\000s}{}% 30
\BOOKMARK [1][-]{section.14}{\376\377\000F\000u\000b\000i\000n\000i\000'\000s\000\040\000T\000h\000e\000o\000r\000e\000m}{}% 31
\BOOKMARK [1][-]{section.15}{\376\377\000C\000h\000a\000n\000g\000e\000\040\000o\000f\000\040\000V\000a\000r\000i\000a\000b\000l\000e\000s\000\040\000F\000o\000r\000m\000u\000l\000a}{}% 32
\BOOKMARK [1][-]{section.16}{\376\377\000T\000r\000i\000p\000l\000e\000\040\000I\000n\000t\000e\000g\000r\000a\000l\000s}{}% 33
\BOOKMARK [1][-]{section.17}{\376\377\000C\000h\000a\000n\000g\000e\000\040\000o\000f\000\040\000V\000a\000r\000i\000a\000b\000l\000e\000s\000\040\000f\000o\000r\000\040\000T\000r\000i\000p\000l\000e\000\040\000I\000n\000t\000e\000g\000r\000a\000l\000s}{}% 34
\BOOKMARK [1][-]{section.18}{\376\377\000P\000a\000r\000a\000m\000e\000t\000r\000i\000c\000\040\000S\000u\000r\000f\000a\000c\000e\000s}{}% 35
\BOOKMARK [1][-]{section.19}{\376\377\000I\000n\000t\000e\000g\000r\000a\000l\000s\000\040\000o\000f\000\040\000S\000c\000a\000l\000a\000r\000\040\000F\000u\000n\000c\000t\000i\000o\000n\000s\000\040\000O\000v\000e\000r\000\040\000S\000u\000r\000f\000a\000c\000e\000s}{}% 36
\BOOKMARK [1][-]{section.20}{\376\377\000L\000i\000n\000e\000\040\000I\000n\000t\000e\000g\000r\000a\000l\000s}{}% 37
\BOOKMARK [1][-]{section.21}{\376\377\000S\000u\000r\000f\000a\000c\000e\000\040\000I\000n\000t\000e\000g\000r\000a\000l\000s\000\040\000o\000f\000\040\000V\000e\000c\000t\000o\000r\000\040\000F\000i\000e\000l\000d\000s}{}% 38
\BOOKMARK [2][-]{subsection.21.1}{\376\377\000O\000r\000i\000e\000n\000t\000a\000t\000i\000o\000n}{section.21}% 39
\BOOKMARK [2][-]{subsection.21.2}{\376\377\000F\000l\000u\000x\000\040\000I\000n\000t\000e\000g\000r\000a\000l}{section.21}% 40
\BOOKMARK [2][-]{subsection.21.3}{\376\377\000G\000r\000a\000p\000h\000\040\000F\000o\000r\000m\000u\000l\000a}{section.21}% 41
\BOOKMARK [1][-]{section.22}{\376\377\000T\000h\000e\000\040\000I\000n\000t\000e\000g\000r\000a\000l\000\040\000T\000h\000e\000o\000r\000e\000m\000s\000\040\000o\000f\000\040\000V\000e\000c\000t\000o\000r\000\040\000A\000n\000a\000l\000y\000s\000i\000s}{}% 42
\BOOKMARK [2][-]{subsection.22.1}{\376\377\000G\000r\000e\000e\000n\000'\000s\000\040\000T\000h\000e\000o\000r\000e\000m}{section.22}% 43
\BOOKMARK [2][-]{subsection.22.2}{\376\377\000S\000t\000o\000k\000e\000s\000'\000\040\000T\000h\000e\000o\000r\000e\000m}{section.22}% 44
\BOOKMARK [2][-]{subsection.22.3}{\376\377\000C\000o\000n\000s\000e\000r\000v\000a\000t\000i\000v\000e\000\040\000V\000e\000c\000t\000o\000r\000\040\000F\000i\000e\000l\000d\000s}{section.22}% 45
\BOOKMARK [2][-]{subsection.22.4}{\376\377\000G\000a\000u\000s\000s\000'\000\040\000D\000i\000v\000e\000r\000g\000e\000n\000c\000e\000\040\000T\000h\000e\000o\000r\000e\000m}{section.22}% 46
\BOOKMARK [1][-]{section.23}{\376\377\000A\000n\000s\000w\000e\000r\000\040\000k\000e\000y}{}% 47
\BOOKMARK [1][-]{section.24}{\376\377\000A\000p\000p\000e\000n\000d\000i\000x}{}% 48
\BOOKMARK [2][-]{subsection.24.1}{\376\377\000D\000e\000r\000i\000v\000a\000t\000i\000v\000e\000s}{section.24}% 49
\BOOKMARK [3][-]{subsubsection.24.1.1}{\376\377\000T\000r\000i\000g\000o\000n\000o\000m\000e\000t\000r\000i\000c\000\040\000D\000e\000r\000i\000v\000a\000t\000i\000v\000e\000s}{subsection.24.1}% 50
\BOOKMARK [3][-]{subsubsection.24.1.2}{\376\377\000O\000t\000h\000e\000r\000\040\000D\000e\000r\000i\000v\000a\000t\000i\000v\000e\000s}{subsection.24.1}% 51
\BOOKMARK [1][-]{section.25}{\376\377\000U\000s\000e\000f\000u\000l\000\040\000L\000i\000n\000k\000s}{}% 52
