\BOOKMARK [1][-]{section.1}{\376\377\000I\000n\000t\000r\000o\000d\000u\000c\000t\000i\000o\000n}{}% 1
\BOOKMARK [1][-]{section.2}{\376\377\000P\000r\000e\000r\000e\000q\000u\000i\000s\000i\000t\000e\000\040\000k\000n\000o\000w\000l\000e\000d\000g\000e}{}% 2
\BOOKMARK [2][-]{subsection.2.1}{\376\377\000D\000i\000m\000e\000n\000s\000i\000o\000n\000a\000l\000\040\000a\000n\000a\000l\000y\000s\000i\000s}{section.2}% 3
\BOOKMARK [2][-]{subsection.2.2}{\376\377\000C\000o\000m\000p\000l\000e\000x\000\040\000v\000a\000r\000i\000a\000b\000l\000e\000s}{section.2}% 4
\BOOKMARK [2][-]{subsection.2.3}{\376\377\000T\000r\000i\000g\000o\000n\000o\000m\000e\000t\000r\000i\000c\000\040\000i\000d\000e\000n\000t\000i\000t\000i\000e\000s}{section.2}% 5
\BOOKMARK [1][-]{section.3}{\376\377\000S\000p\000e\000c\000i\000a\000l\000\040\000R\000e\000l\000a\000t\000i\000v\000i\000t\000y}{}% 6
\BOOKMARK [2][-]{subsection.3.1}{\376\377\000S\000p\000a\000c\000e\000t\000i\000m\000e}{section.3}% 7
\BOOKMARK [2][-]{subsection.3.2}{\376\377\000C\000o\000n\000s\000e\000q\000u\000e\000n\000c\000e\000\040\000o\000f\000\040\000t\000h\000e\000\040\000i\000n\000v\000a\000r\000i\000a\000n\000c\000e\000\040\000o\000f\000\040\000t\000h\000e\000\040\000s\000p\000a\000c\000e\000t\000i\000m\000e\000\040\000i\000n\000t\000e\000r\000v\000a\000l}{section.3}% 8
\BOOKMARK [2][-]{subsection.3.3}{\376\377\000G\000a\000l\000i\000l\000e\000n\000\040\000r\000e\000l\000a\000t\000i\000b\000i\000t\000y}{section.3}% 9
\BOOKMARK [2][-]{subsection.3.4}{\376\377\000T\000h\000e\000\040\000w\000a\000v\000e\000\040\000e\000q\000u\000a\000t\000i\000o\000n}{section.3}% 10
\BOOKMARK [2][-]{subsection.3.5}{\376\377\000S\000o\000l\000u\000t\000i\000o\000n\000s\000\040\000t\000o\000\040\000t\000h\000e\000\040\000w\000a\000v\000e\000\040\000e\000q\000u\000a\000t\000i\000o\000n}{section.3}% 11
\BOOKMARK [2][-]{subsection.3.6}{\376\377\000T\000h\000e\000\040\000M\000i\000c\000h\000e\000l\000s\000o\000n\000-\000M\000o\000r\000l\000e\000y\000\040\000e\000x\000p\000e\000r\000i\000m\000e\000n\000t}{section.3}% 12
\BOOKMARK [2][-]{subsection.3.7}{\376\377\000T\000h\000e\000\040\000p\000o\000s\000t\000u\000l\000a\000t\000e\000s\000\040\000o\000f\000\040\000s\000p\000e\000c\000i\000a\000l\000\040\000r\000e\000l\000a\000t\000i\000v\000i\000t\000y}{section.3}% 13
\BOOKMARK [2][-]{subsection.3.8}{\376\377\000L\000e\000n\000g\000t\000h\000\040\000c\000o\000n\000t\000r\000a\000c\000t\000i\000o\000n\000\040\000a\000n\000d\000\040\000L\000o\000r\000e\000n\000t\000z\000\040\000t\000r\000a\000n\000s\000f\000o\000r\000m\000a\000t\000i\000o\000n\000s}{section.3}% 14
\BOOKMARK [2][-]{subsection.3.9}{\376\377\000A\000p\000p\000l\000i\000c\000a\000t\000i\000o\000n\000s\000\040\000o\000f\000\040\000L\000o\000r\000e\000n\000t\000z\000\040\000t\000r\000a\000n\000s\000f\000o\000r\000m\000a\000t\000i\000o\000n\000s\000\040\000I}{section.3}% 15
\BOOKMARK [2][-]{subsection.3.10}{\376\377\000A\000p\000p\000l\000i\000c\000a\000t\000i\000o\000n\000s\000\040\000o\000f\000\040\000L\000o\000r\000e\000n\000t\000z\000\040\000t\000r\000a\000n\000s\000f\000o\000r\000m\000a\000t\000i\000o\000n\000s\000\040\000I\000I}{section.3}% 16
\BOOKMARK [2][-]{subsection.3.11}{\376\377\000S\000p\000a\000c\000e\000t\000i\000m\000e\000\040\000d\000i\000a\000g\000r\000a\000m\000s\000\040\000I}{section.3}% 17
\BOOKMARK [2][-]{subsection.3.12}{\376\377\000S\000p\000a\000c\000e\000t\000i\000m\000e\000\040\000d\000i\000a\000g\000r\000a\000m\000s\000\040\000I\000I}{section.3}% 18
\BOOKMARK [2][-]{subsection.3.13}{\376\377\000A\000g\000i\000n\000g\000\040\000a\000n\000d\000\040\000C\000a\000u\000s\000a\000l\000i\000t\000y}{section.3}% 19
\BOOKMARK [2][-]{subsection.3.14}{\376\377\000F\000o\000u\000r\000-\000v\000e\000c\000t\000o\000r\000s}{section.3}% 20
\BOOKMARK [2][-]{subsection.3.15}{\376\377\000F\000o\000u\000r\000-\000v\000e\000l\000o\000c\000i\000t\000y\000\040\000a\000n\000d\000\040\000f\000o\000u\000r\000-\000m\000o\000m\000e\000n\000t\000u\000m}{section.3}% 21
\BOOKMARK [2][-]{subsection.3.16}{\376\377\000C\000o\000n\000s\000e\000r\000v\000a\000t\000i\000o\000n\000\040\000o\000f\000\040\000f\000o\000u\000r\000-\000m\000o\000m\000e\000n\000t\000u\000m}{section.3}% 22
\BOOKMARK [1][-]{section.4}{\376\377\000M\000o\000d\000e\000r\000n\000\040\000P\000h\000y\000s\000i\000c\000s}{}% 23
\BOOKMARK [2][-]{subsection.4.1}{\376\377\000M\000a\000t\000h\000\040\000f\000o\000r\000\040\000Q\000u\000a\000n\000t\000u\000m\000\040\000\050\000P\000r\000o\000b\000a\000b\000i\000l\000i\000t\000y\000\051}{section.4}% 24
\BOOKMARK [2][-]{subsection.4.2}{\376\377\000M\000a\000t\000h\000\040\000f\000o\000r\000\040\000Q\000u\000a\000n\000t\000u\000m\000\040\000\050\000F\000o\000u\000r\000i\000e\000r\000\040\000S\000e\000r\000i\000e\000s\000\051}{section.4}% 25
\BOOKMARK [2][-]{subsection.4.3}{\376\377\000M\000a\000t\000h\000\040\000f\000o\000r\000\040\000Q\000u\000a\000n\000t\000u\000m\000\040\000\050\000F\000o\000u\000r\000i\000e\000r\000\040\000T\000r\000a\000n\000s\000f\000o\000r\000m\000s\000\051}{section.4}% 26
\BOOKMARK [2][-]{subsection.4.4}{\376\377\000E\000x\000p\000e\000r\000i\000m\000e\000n\000t\000a\000l\000\040\000F\000o\000u\000n\000d\000a\000t\000i\000o\000n\000s\000\040\000o\000f\000\040\000Q\000u\000a\000n\000t\000u\000m\000\040\000M\000e\000c\000h\000a\000n\000i\000c\000s}{section.4}% 27
\BOOKMARK [2][-]{subsection.4.5}{\376\377\000A\000t\000o\000m\000i\000c\000\040\000s\000t\000r\000u\000c\000t\000u\000r\000e\000\040\000a\000n\000d\000\040\000s\000e\000m\000i\000-\000c\000l\000a\000s\000s\000i\000c\000a\000l\000\040\000q\000u\000a\000n\000t\000u\000m\000\040\000m\000e\000c\000h\000a\000n\000i\000c\000s}{section.4}% 28
\BOOKMARK [2][-]{subsection.4.6}{\376\377\000W\000a\000v\000e\000f\000u\000n\000c\000t\000i\000o\000n\000s}{section.4}% 29
\BOOKMARK [2][-]{subsection.4.7}{\376\377\000O\000p\000e\000r\000a\000t\000o\000r\000s}{section.4}% 30
\BOOKMARK [2][-]{subsection.4.8}{\376\377\000S\000t\000a\000t\000i\000o\000n\000a\000r\000y\000\040\000s\000t\000a\000t\000e\000s\000\040\000o\000f\000\040\000t\000h\000e\000\040\000S\000c\000h\000r\000\366\000d\000i\000n\000g\000e\000r\000\040\000e\000q\000u\000a\000t\000i\000o\000n}{section.4}% 31
\BOOKMARK [2][-]{subsection.4.9}{\376\377\000I\000n\000f\000i\000n\000i\000t\000e\000\040\000s\000q\000u\000a\000r\000e\000\040\000w\000e\000l\000l\000\040\000\050\000p\000a\000r\000t\000i\000c\000l\000e\000\040\000i\000n\000\040\000a\000\040\000b\000o\000x\000\051}{section.4}% 32
\BOOKMARK [2][-]{subsection.4.10}{\376\377\000E\000h\000r\000e\000n\000f\000e\000s\000t\000'\000s\000\040\000t\000h\000e\000o\000r\000e\000m}{section.4}% 33
\BOOKMARK [2][-]{subsection.4.11}{\376\377\000M\000e\000a\000s\000u\000r\000e\000m\000e\000n\000t\000\040\000a\000n\000d\000\040\000w\000a\000v\000e\000f\000u\000n\000c\000t\000i\000o\000n\000\040\000c\000o\000l\000l\000a\000p\000s\000e}{section.4}% 34
\BOOKMARK [2][-]{subsection.4.12}{\376\377\000Q\000u\000a\000l\000i\000t\000a\000t\000i\000v\000e\000\040\000w\000a\000v\000e\000f\000u\000n\000c\000t\000i\000o\000n\000\040\000s\000k\000e\000t\000c\000h\000e\000s}{section.4}% 35
\BOOKMARK [2][-]{subsection.4.13}{\376\377\000S\000c\000a\000t\000t\000e\000r\000i\000n\000g}{section.4}% 36
\BOOKMARK [2][-]{subsection.4.14}{\376\377\000Q\000u\000a\000n\000t\000u\000m\000\040\000T\000u\000n\000n\000e\000l\000l\000i\000n\000g\000\040\000a\000n\000d\000\040\000N\000u\000c\000l\000e\000a\000r\000\040\000D\000e\000c\000a\000y}{section.4}% 37
\BOOKMARK [2][-]{subsection.4.15}{\376\377\000I\000n\000t\000r\000o\000\040\000t\000o\000\040\000R\000e\000l\000a\000t\000i\000v\000i\000s\000t\000i\000c\000\040\000F\000o\000r\000c\000e\000s\000\040\000a\000n\000d\000\040\000A\000c\000c\000e\000l\000e\000r\000a\000t\000i\000o\000n}{section.4}% 38
\BOOKMARK [2][-]{subsection.4.16}{\376\377\000T\000r\000a\000n\000s\000f\000o\000r\000m\000i\000n\000g\000\040\000R\000e\000l\000a\000t\000i\000v\000i\000s\000t\000i\000c\000\040\000F\000o\000r\000c\000e\000s\000\040\000a\000n\000d\000\040\000A\000c\000c\000e\000l\000e\000r\000a\000t\000i\000o\000n\000s}{section.4}% 39
\BOOKMARK [2][-]{subsection.4.17}{\376\377\000I\000n\000t\000r\000o\000\040\000t\000o\000\040\000R\000e\000l\000a\000t\000i\000v\000i\000s\000t\000i\000c\000\040\000E\000l\000e\000c\000t\000r\000o\000m\000a\000g\000n\000e\000t\000i\000s\000m}{section.4}% 40
\BOOKMARK [2][-]{subsection.4.18}{\376\377\000T\000r\000a\000n\000s\000f\000o\000r\000m\000i\000n\000g\000\040\000E\000l\000e\000c\000t\000r\000o\000m\000a\000g\000n\000e\000t\000i\000c\000\040\000F\000i\000e\000l\000d\000s}{section.4}% 41
\BOOKMARK [2][-]{subsection.4.19}{\376\377\000T\000r\000a\000n\000s\000f\000o\000r\000m\000i\000n\000g\000\040\000M\000a\000x\000w\000e\000l\000l\000'\000s\000\040\000E\000q\000u\000a\000t\000i\000o\000n\000s}{section.4}% 42
\BOOKMARK [1][-]{section.5}{\376\377\000A\000n\000s\000w\000e\000r\000\040\000K\000e\000y}{}% 43
\BOOKMARK [1][-]{section.6}{\376\377\000A\000p\000p\000e\000n\000d\000i\000x}{}% 44
\BOOKMARK [2][-]{subsection.6.1}{\376\377\000t\000o\000\040\000o\000r\000g\000a\000n\000i\000z\000e}{section.6}% 45
